C51 COMPILER V7.20   F3XX_USB0_MOUSE                                                       06/11/2009 12:00:43 PAGE 1   


C51 COMPILER V7.20, COMPILATION OF MODULE F3XX_USB0_MOUSE
OBJECT MODULE PLACED IN F3xx_USB0_Mouse.OBJ
COMPILER INVOKED BY: C:\Keil\C51\BIN\C51.exe F3xx_USB0_Mouse.c DB OE LARGE OT(0,SPEED)

line level    source

   1          //-----------------------------------------------------------------------------
   2          // F320_USB0_Mouse.c
   3          //-----------------------------------------------------------------------------
   4          // Copyright 2005 Silicon Laboratories, Inc.
   5          // http://www.silabs.com
   6          //
   7          // Program Description:
   8          //
   9          // Source file for routines that mouse data.
  10          //
  11          //
  12          // How To Test:    See Readme.txt
  13          //
  14          //
  15          // FID:            
  16          // Target:         C8051F320
  17          // Tool chain:     Keil C51 7.50 / Keil EVAL C51
  18          //                 Silicon Laboratories IDE version 2.6
  19          // Command Line:   See Readme.txt
  20          // Project Name:   F3xx_MouseExample
  21          //
  22          // Release 1.1
  23          //    -Minor code comment changes
  24          //    -16 NOV 2006
  25          // Release 1.0
  26          //    -Initial Revision (PD)
  27          //    -07 DEC 2005
  28          //
  29          
  30          
  31          #include "c8051f3xx.h"
  32          #include "F3xx_USB0_Mouse.h"
  33          #include "F3xx_USB0_InterruptServiceRoutine.h"
  34          #include "F3xx_USB0_Register.h"
  35          
  36          //-----------------------------------------------------------------------------
  37          // Definitions
  38          //-----------------------------------------------------------------------------
  39          
  40          #define SYSCLK             12000000    // SYSCLK frequency in Hz
  41          
  42          // USB clock selections (SFR CLKSEL)
  43          #define USB_4X_CLOCK       0x00        // Select 4x clock multiplier, for USB
  44          #define USB_INT_OSC_DIV_2  0x10        // Full Speed
  45          #define USB_EXT_OSC        0x20
  46          #define USB_EXT_OSC_DIV_2  0x30
  47          #define USB_EXT_OSC_DIV_3  0x40
  48          #define USB_EXT_OSC_DIV_4  0x50
  49          
  50          // System clock selections (SFR CLKSEL)
  51          #define SYS_INT_OSC        0x00        // Select to use internal oscillator
  52          #define SYS_EXT_OSC        0x01        // Select to use an external oscillator
  53          #define SYS_4X_DIV_2       0x02
  54          
  55          //-----------------------------------------------------------------------------
C51 COMPILER V7.20   F3XX_USB0_MOUSE                                                       06/11/2009 12:00:43 PAGE 2   

  56          
  57          void Sysclk_Init (void);
  58          void Port_Init (void);
  59          void USB0_Init (void);
  60          void System_Init (void);
  61          
  62          //-----------------------------------------------------------------------------
  63          // Interrupt Service Routines
  64          //-----------------------------------------------------------------------------
  65          
  66          
  67          //-----------------------------------------------------------------------------
  68          // Initialization Routines
  69          //-----------------------------------------------------------------------------
  70          
  71          //-----------------------------------------------------------------------------
  72          // System_Init(void)
  73          //-----------------------------------------------------------------------------
  74          //
  75          // Return Value - None
  76          // Parameters - None
  77          //
  78          // This top-level initialization routine calls all support routine.
  79          //
  80          // ----------------------------------------------------------------------------
  81          void System_Init (void)
  82          {
  83   1         PCA0MD &= ~0x40;                    // Disable Watchdog timer
  84   1         Sysclk_Init ();                     // initialize system clock
  85   1         Port_Init ();                             // configure cross bar
  86   1      }
  87          
  88          //-----------------------------------------------------------------------------
  89          // USB0_Init
  90          //-----------------------------------------------------------------------------
  91          //
  92          // Return Value - None
  93          // Parameters - None
  94          //
  95          // - Initialize USB0
  96          // - Enable USB0 interrupts
  97          // - Enable USB0 transceiver
  98          // - Enable USB0 with suspend detection
  99          //
 100          // ----------------------------------------------------------------------------
 101          void USB0_Init (void)
 102          {
 103   1      
 104   1         POLL_WRITE_BYTE (POWER, 0x08);      // Force Asynchronous USB Reset
 105   1         POLL_WRITE_BYTE (IN1IE, 0x07);      // Enable Endpoint 0-1 in interrupts
 106   1         POLL_WRITE_BYTE (OUT1IE,0x07);      // Enable Endpoint 0-1 out interrupts
 107   1         POLL_WRITE_BYTE (CMIE, 0x07);       // Enable Reset, Resume, and Suspend
 108   1                                             // interrupts
 109   1         USB0XCN = 0xE0;                     // Enable transceiver; select low speed
 110   1         POLL_WRITE_BYTE (CLKREC,0x80);      // Enable clock recovery, single-step
 111   1                                             // mode disabled
 112   1      
 113   1         EIE1 |= 0x02;                       // Enable USB0 Interrupts
 114   1                                             // Enable USB0 by clearing the USB
 115   1         POLL_WRITE_BYTE (POWER, 0x01);      // Inhibit Bit and enable suspend
 116   1                                             // detection
 117   1      
C51 COMPILER V7.20   F3XX_USB0_MOUSE                                                       06/11/2009 12:00:43 PAGE 3   

 118   1      }
 119          
 120          
 121          //-----------------------------------------------------------------------------
 122          // Sysclk_Init
 123          //-----------------------------------------------------------------------------
 124          //
 125          // Return Value - None
 126          // Parameters - None
 127          //
 128          // Initialize system clock to maximum frequency.
 129          //
 130          // ----------------------------------------------------------------------------
 131          void Sysclk_Init (void)
 132          {
 133   1          int i = 0;
 134   1          CLKMUL    = 0x80;
 135   1          for (i = 0; i < 20; i++);    // Wait 5us for initialization
 136   1          CLKMUL    |= 0xC0;
 137   1          while ((CLKMUL & 0x20) == 0);
 138   1          CLKSEL    = 0x02;
 139   1          OSCICN    = 0x83;                   // SYSCLK 24Mhz
 140   1      }
 141          
 142          //-----------------------------------------------------------------------------
 143          // Port_Init
 144          //-----------------------------------------------------------------------------
 145          //
 146          // Return Value - None
 147          // Parameters - None
 148          //
 149          // - Configure the Crossbar and GPIO ports.
 150          //
 151          // ----------------------------------------------------------------------------
 152          void Port_Init (void)
 153          {
 154   1          // P0.0  -  Unassigned,  Open-Drain, Digital
 155   1          // P0.1  -  Unassigned,  Open-Drain, Digital
 156   1          // P0.2  -  Unassigned,  Open-Drain, Digital
 157   1          // P0.3  -  Unassigned,  Open-Drain, Digital
 158   1          // P0.4  -  Unassigned,  Open-Drain, Digital
 159   1          // P0.5  -  Unassigned,  Open-Drain, Digital
 160   1          // P0.6  -  Unassigned,  Open-Drain, Digital
 161   1          // P0.7  -  Unassigned,  Open-Drain, Digital
 162   1      
 163   1          // P1.0  -  Unassigned,  Open-Drain, Digital
 164   1          // P1.1  -  Unassigned,  Open-Drain, Digital
 165   1          // P1.2  -  Unassigned,  Open-Drain, Digital
 166   1          // P1.3  -  Unassigned,  Open-Drain, Digital
 167   1          // P1.4  -  Unassigned,  Open-Drain, Digital
 168   1          // P1.5  -  Unassigned,  Open-Drain, Digital
 169   1          // P1.6  -  Unassigned,  Open-Drain, Digital
 170   1          // P1.7  -  Unassigned,  Open-Drain, Digital
 171   1          // P2.0  -  Unassigned,  Open-Drain, Digital
 172   1          // P2.1  -  Unassigned,  Open-Drain, Digital
 173   1          // P2.2  -  Unassigned,  Open-Drain, Digital
 174   1          // P2.3  -  Unassigned,  Open-Drain, Digital
 175   1      
 176   1          XBR1      = 0x40;           //enable weak pull up, enable crossbar
 177   1      }
 178          

C51 COMPILER V7.20   F3XX_USB0_MOUSE                                                       06/11/2009 12:00:43 PAGE 4   


MODULE INFORMATION:   STATIC OVERLAYABLE
   CODE SIZE        =    156    ----
   CONSTANT SIZE    =   ----    ----
   XDATA SIZE       =      2    ----
   PDATA SIZE       =   ----    ----
   DATA SIZE        =   ----    ----
   IDATA SIZE       =   ----    ----
   BIT SIZE         =   ----    ----
END OF MODULE INFORMATION.


C51 COMPILATION COMPLETE.  0 WARNING(S),  0 ERROR(S)
