C51 COMPILER V7.20   TIMER                                                                 06/11/2009 12:00:43 PAGE 1   


C51 COMPILER V7.20, COMPILATION OF MODULE TIMER
OBJECT MODULE PLACED IN timer.OBJ
COMPILER INVOKED BY: C:\Keil\C51\BIN\C51.exe timer.c DB OE LARGE OT(0,SPEED)

line level    source

   1          /*
   2          ###############################################################################
   3          @copyright                      :       Affinext Technology Sdn Bhd.
   4          @filename                       :       timer.C
   5          @version                        :       1.0.0
   6          Programmer(s)           :       cc looi
   7          Created                         :       11/10/2005
   8          Description             :       timer implemention file
   9                           
  10          Modified History        :       
  11          
  12          ###############################################################################
  13          */
  14          
  15          //------------------------------------------------------------------------------------
  16          // Includes
  17          //------------------------------------------------------------------------------------
  18          
  19          #include "c8051f3xx.h"
  20          
  21          //------------------------------------------------------------------------------------
  22          // CONSTANT
  23          //------------------------------------------------------------------------------------
  24          #define SYSCLK24000000
  25          //#define SYSCLK22118400                // SYSCLK frequency in Hz
  26          //#define SYSCLK1105920                 // SYSCLK frequency in Hz
  27          
  28          #define TIMER0
  29          #define TIMER1
  30          #define TIMER2
  31          #define TIMER3
  32          #define TIMER4
  33          #define TIMER5
  34          #define TIMER6
  35          #define TIMER7
  36          #define TIMER8
  37          #define TIMER9
  38          #define TIMER10
  39          #define TIMER11
  40          #define TIMER12
  41          #define TIMER13
  42          //#define KEYPAD
  43          //#define LCD
  44          
  45          //------------------------------------------------------------------------------------
  46          // Global VARIABLES
  47          //------------------------------------------------------------------------------------
  48          #ifdef TIMER0
  49          unsigned int data t0_data;
  50          bit bdata time_0;
  51          #endif
  52          #ifdef TIMER1
  53          unsigned int data t1_data;
  54          bit bdata time_1;
  55          #endif
C51 COMPILER V7.20   TIMER                                                                 06/11/2009 12:00:43 PAGE 2   

  56          #ifdef TIMER2
  57          unsigned int data t2_data;
  58          bit bdata time_2;
  59          #endif
  60          #ifdef TIMER3
  61          unsigned int data t3_data;
  62          bit bdata time_3;
  63          #endif
  64          #ifdef TIMER4
  65          unsigned int data t4_data;
  66          bit bdata time_4;
  67          #endif
  68          #ifdef TIMER5
  69          unsigned int data t5_data;
  70          bit bdata time_5;
  71          #endif
  72          #ifdef TIMER6
  73          unsigned int data t6_data;
  74          bit bdata time_6;
  75          #endif
  76          #ifdef TIMER7
  77          unsigned int data t7_data;
  78          bit bdata time_7;
  79          #endif
  80          #ifdef TIMER8
  81          unsigned int data t8_data;
  82          bit bdata time_8;
  83          #endif
  84          #ifdef TIMER9
  85          unsigned int data t9_data;
  86          bit bdata time_9;
  87          #endif
  88          #ifdef TIMER10
  89          unsigned int data t10_data;
  90          bit bdata time_10;
  91          #endif
  92          #ifdef TIMER11
  93          unsigned int data t11_data;
  94          bit bdata time_11;
  95          #endif
  96          #ifdef TIMER12
  97          unsigned int data t12_data;
  98          bit bdata time_12;
  99          #endif
 100          #ifdef TIMER13
 101          unsigned int data t13_data;
 102          bit bdata time_13;
 103          #endif
 104          #ifdef KEYPAD
              unsigned int data tkeypad_data;
              bit bdata time_keypad;
              #endif
 108          
 109          #ifdef LCD
              unsigned int data tlcd_data;
              bit bdata time_lcd;
              #endif
 113          
 114          //------------------------------------------------------------------------------------
 115          // Function PROTOTYPES
 116          //------------------------------------------------------------------------------------
 117          void Timer0Init(void);
C51 COMPILER V7.20   TIMER                                                                 06/11/2009 12:00:43 PAGE 3   

 118          
 119          //------------------------------------------------------------------------------------
 120          // Timer0Init
 121          //------------------------------------------------------------------------------------
 122          void Timer0Init(void)
 123          {
 124   1              // Timer0
 125   1              
 126   1              TMOD    |= 0x01;        // TMOD: timer 0, mode 1, 16-bit manual reload
 127   1              
 128   1              TH0 = 0xfc;                     // 0.5ms timer for 24Mhz crystal        
 129   1              TL0 = 0x18;                     // 0.5ms timer for 24Mhz cyrstal        
 130   1                                                      
 131   1              ET0 = 1;                        // Enable Timer0 interrupt
 132   1              TR0 = 1;                // start Timer0
 133   1              
 134   1              CKCON   |= 0x00;    // Timer01 uses SYSCLK/12 as time base, 
 135   1      }
 136          
 137          void Timer3Init(void)
 138          {
 139   1              // Timer3
 140   1              TMR3H = 0xfc;                   // 0.5ms timer for 24Mhz crystal        
 141   1              TMR3L = 0x18;                   // 0.5ms timer for 24Mhz cyrstal        
 142   1      
 143   1              TMR3RLH = 0xfc;                 // 0.5ms timer for 24Mhz crystal        
 144   1              TMR3RLL = 0x18;                 // 0.5ms timer for 24Mhz cyrstal        
 145   1                                                      
 146   1              EIE1 |= 0x80;                   // Enable Timer3 interrupt
 147   1              TMR3CN |= 0x04;         // start Timer3
 148   1              
 149   1              CKCON   |= 0x00;    // Timer01 uses SYSCLK/12 as time base, 
 150   1      }
 151          
 152          //------------------------------------------------------------------------------------
 153          // Timer3Isr
 154          //------------------------------------------------------------------------------------
 155          // This routine changes the sequence state Timer0 overflows.
 156          //
 157          // NOTE: The SFRPAGE register will automatically be switched to the Timer0 Page
 158          // When an interrupt occurs.  SFRPAGE will return to its previous setting on exit
 159          // from this routine.
 160          //
 161          void Timer3Isr (void) interrupt 14 using 1
 162          {
 163   1              TMR3CN &= ~0x80;
 164   1              #ifdef TIMER0
 165   1                      if(time_0 == 1)
 166   1                      {
 167   2                              if(t0_data == 0) 
 168   2                              {
 169   3                                      time_0 = 0;
 170   3                              }
 171   2                              else 
 172   2                              {
 173   3                                      t0_data--;
 174   3                              if(t0_data == 0)
 175   3                                      {
 176   4                                              time_0 = 0;
 177   4                                      }
 178   3                              }                               
 179   2                      }
C51 COMPILER V7.20   TIMER                                                                 06/11/2009 12:00:43 PAGE 4   

 180   1              #endif
 181   1              #ifdef TIMER1
 182   1                      if(time_1 == 1)
 183   1                      {
 184   2                              if(t1_data == 0)
 185   2                              {
 186   3                                      time_1 = 0;
 187   3                              }
 188   2                              else 
 189   2                              {
 190   3                                      t1_data--;
 191   3                              if(t1_data == 0)
 192   3                                      {
 193   4                                              time_1 = 0;
 194   4                                      }
 195   3                              }                               
 196   2                      }
 197   1              #endif
 198   1              #ifdef TIMER2
 199   1                      if(time_2 == 1)
 200   1                      {
 201   2                              if(t2_data == 0)
 202   2                              {
 203   3                                      time_2 = 0;
 204   3                              }
 205   2                              else 
 206   2                              {
 207   3                                      t2_data--;
 208   3                              if(t2_data == 0)
 209   3                                      {
 210   4                                              time_2 = 0;
 211   4                                      }
 212   3                              }                               
 213   2                      }
 214   1              #endif
 215   1              #ifdef TIMER3
 216   1                      if(time_3 == 1)
 217   1                      {
 218   2                              if(t3_data == 0)
 219   2                              {
 220   3                                      time_3 = 0;
 221   3                              }
 222   2                              else 
 223   2                              {
 224   3                                      t3_data--;
 225   3                              if(t3_data==0)
 226   3                                      {
 227   4                                              time_3=0;
 228   4                                      }
 229   3                              }                               
 230   2                      }
 231   1      
 232   1              #endif
 233   1              #ifdef TIMER4
 234   1                      if(time_4 == 1)
 235   1                      {
 236   2                              if(t4_data == 0)
 237   2                              {
 238   3                                      time_4 = 0;
 239   3                              }
 240   2                              else 
 241   2                              {
C51 COMPILER V7.20   TIMER                                                                 06/11/2009 12:00:43 PAGE 5   

 242   3                                      t4_data--;
 243   3                              if(t4_data == 0)
 244   3                                      {
 245   4                                              time_4 = 0;
 246   4                                      }
 247   3                              }                               
 248   2                      }
 249   1              #endif
 250   1              #ifdef TIMER5
 251   1                      if(time_5 == 1)
 252   1                      {
 253   2                              if(t5_data == 0)
 254   2                              {
 255   3                                      time_5 = 0;
 256   3                              }
 257   2                              else 
 258   2                              {
 259   3                                      t5_data--;
 260   3                              if(t5_data == 0)
 261   3                                      {
 262   4                                              time_5 = 0;
 263   4                                      }
 264   3                              }                               
 265   2                      }
 266   1              #endif
 267   1              #ifdef TIMER6
 268   1                      if(time_6 == 1)
 269   1                      {
 270   2                              if(t6_data == 0)
 271   2                              {
 272   3                                      time_6 = 0;
 273   3                              }
 274   2                              else 
 275   2                              {
 276   3                                      t6_data--;
 277   3                              if(t6_data == 0)
 278   3                                      {
 279   4                                              time_6 = 0;
 280   4                                      }
 281   3                              }                               
 282   2                      }
 283   1              #endif
 284   1              #ifdef TIMER7
 285   1                      if(time_7 == 1)
 286   1                      {
 287   2                              if(t7_data == 0)
 288   2                              {
 289   3                                      time_7 = 0;
 290   3                              }
 291   2                              else 
 292   2                              {
 293   3                                      t7_data--;
 294   3                              if(t7_data == 0)
 295   3                                      {
 296   4                                              time_7 = 0;
 297   4                                      }
 298   3                              }                               
 299   2                      }
 300   1              #endif
 301   1              #ifdef TIMER8
 302   1                      if(time_8 == 1)
 303   1                      {
C51 COMPILER V7.20   TIMER                                                                 06/11/2009 12:00:43 PAGE 6   

 304   2                              if(t8_data == 0)
 305   2                              {
 306   3                                      time_8 = 0;
 307   3                              }
 308   2                              else 
 309   2                              {
 310   3                                      t8_data--;
 311   3                              if(t8_data == 0)
 312   3                                      {
 313   4                                              time_8 = 0;
 314   4                                      }
 315   3                              }                               
 316   2                      }
 317   1              #endif
 318   1              #ifdef TIMER9
 319   1                      if(time_9 == 1)
 320   1                      {
 321   2                              if(t9_data == 0)
 322   2                              {
 323   3                                      time_9 = 0;
 324   3                              }
 325   2                              else 
 326   2                              {
 327   3                                      t9_data--;
 328   3                              if(t9_data == 0)
 329   3                                      {
 330   4                                              time_9 = 0;
 331   4                                      }
 332   3                              }                               
 333   2                      }
 334   1              #endif
 335   1              #ifdef TIMER10
 336   1                      if(time_10 == 1)
 337   1                      {
 338   2                              if(t10_data == 0)
 339   2                              {
 340   3                                      time_10 = 0;
 341   3                              }
 342   2                              else 
 343   2                              {
 344   3                                      t10_data--;
 345   3                              if(t10_data == 0)
 346   3                                      {
 347   4                                              time_10 = 0;
 348   4                                      }
 349   3                              }                               
 350   2                      }
 351   1              #endif
 352   1                      #ifdef TIMER11
 353   1                      if(time_11 == 1)
 354   1                      {
 355   2                              if(t11_data == 0)
 356   2                              {
 357   3                                      time_11 = 0;
 358   3                              }
 359   2                              else 
 360   2                              {
 361   3                                      t11_data--;
 362   3                              if(t11_data == 0)
 363   3                                      {
 364   4                                              time_11 = 0;
 365   4                                      }
C51 COMPILER V7.20   TIMER                                                                 06/11/2009 12:00:43 PAGE 7   

 366   3                              }                               
 367   2                      }
 368   1              #endif
 369   1              #ifdef TIMER12
 370   1                      if(time_12 == 1)
 371   1                      {
 372   2                              if(t12_data == 0)
 373   2                              {
 374   3                                      time_12 = 0;
 375   3                              }
 376   2                              else 
 377   2                              {
 378   3                                      t12_data--;
 379   3                              if(t12_data == 0)
 380   3                                      {
 381   4                                              time_12 = 0;
 382   4                                      }
 383   3                              }                               
 384   2                      }
 385   1              #endif
 386   1              #ifdef TIMER13
 387   1                      if(time_13 == 1)
 388   1                      {
 389   2                              if(t13_data == 0)
 390   2                              {
 391   3                                      time_13 = 0;
 392   3                              }
 393   2                              else 
 394   2                              {
 395   3                                      t13_data--;
 396   3                              if(t13_data == 0)
 397   3                                      {
 398   4                                              time_13 = 0;
 399   4                                      }
 400   3                              }                               
 401   2                      }
 402   1              #endif
 403   1              #ifdef KEYPAD
                              if(time_keypad == 1)
                              {
                                      if(tkeypad_data == 0)
                                      {
                                              time_keypad = 0;
                                      }
                                      else 
                                      {
                                              tkeypad_data--;
                                      if(tkeypad_data == 0)
                                              {
                                                      time_keypad = 0;
                                              }
                                      }                               
                              }
                      #endif
 420   1              #ifdef LCD
                              if(time_lcd == 1)
                              {
                                      if(tlcd_data == 0)
                                      {
                                              time_lcd = 0;
                                      }
                                      else 
C51 COMPILER V7.20   TIMER                                                                 06/11/2009 12:00:43 PAGE 8   

                                      {
                                              tlcd_data--;
                                      if(tlcd_data == 0)
                                              {
                                                      time_lcd = 0;
                                              }
                                      }                               
                              }
                      #endif
 437   1      }


MODULE INFORMATION:   STATIC OVERLAYABLE
   CODE SIZE        =    453    ----
   CONSTANT SIZE    =   ----    ----
   XDATA SIZE       =   ----    ----
   PDATA SIZE       =   ----    ----
   DATA SIZE        =     28    ----
   IDATA SIZE       =   ----    ----
   BIT SIZE         =     14    ----
END OF MODULE INFORMATION.


C51 COMPILATION COMPLETE.  0 WARNING(S),  0 ERROR(S)
